<?xml version="1.0" encoding="UTF-8"?>
<testng-results ignored="0" total="2" passed="2" failed="0" skipped="0">
  <reporter-output>
  </reporter-output>
  <suite started-at="2020-08-15T10:28:22 PDT" name="Default suite" finished-at="2020-08-15T10:28:36 PDT" duration-ms="13947">
    <groups>
    </groups>
    <test started-at="2020-08-15T10:28:22 PDT" name="Default test" finished-at="2020-08-15T10:28:36 PDT" duration-ms="13947">
      <class name="Academy.HomePage">
        <test-method is-config="true" signature="initialize()[pri:0, instance:Academy.HomePage@7e5c856f]" started-at="2020-08-15T10:28:22 PDT" name="initialize" finished-at="2020-08-15T10:28:26 PDT" duration-ms="3703" status="PASS">
          <reporter-output>
          </reporter-output>
        </test-method> <!-- initialize -->
        <test-method signature="basePageNavigation(java.lang.String, java.lang.String, java.lang.String)[pri:0, instance:Academy.HomePage@7e5c856f]" started-at="2020-08-15T10:28:26 PDT" name="basePageNavigation" data-provider="getData" finished-at="2020-08-15T10:28:32 PDT" duration-ms="6487" status="PASS">
          <params>
            <param index="0">
              <value>
                <![CDATA[nonrestricteduser@qw.com]]>
              </value>
            </param>
            <param index="1">
              <value>
                <![CDATA[123456]]>
              </value>
            </param>
            <param index="2">
              <value>
                <![CDATA[Restrcited User]]>
              </value>
            </param>
          </params>
          <reporter-output>
          </reporter-output>
        </test-method> <!-- basePageNavigation -->
        <test-method signature="basePageNavigation(java.lang.String, java.lang.String, java.lang.String)[pri:0, instance:Academy.HomePage@7e5c856f]" started-at="2020-08-15T10:28:32 PDT" name="basePageNavigation" data-provider="getData" finished-at="2020-08-15T10:28:36 PDT" duration-ms="3542" status="PASS">
          <params>
            <param index="0">
              <value>
                <![CDATA[restricteduser@qw.com]]>
              </value>
            </param>
            <param index="1">
              <value>
                <![CDATA[456788]]>
              </value>
            </param>
            <param index="2">
              <value>
                <![CDATA[Non restricted user]]>
              </value>
            </param>
          </params>
          <reporter-output>
          </reporter-output>
        </test-method> <!-- basePageNavigation -->
        <test-method is-config="true" signature="teardown()[pri:0, instance:Academy.HomePage@7e5c856f]" started-at="2020-08-15T10:28:36 PDT" name="teardown" finished-at="2020-08-15T10:28:36 PDT" duration-ms="163" status="PASS">
          <reporter-output>
          </reporter-output>
        </test-method> <!-- teardown -->
      </class> <!-- Academy.HomePage -->
    </test> <!-- Default test -->
  </suite> <!-- Default suite -->
</testng-results>
